MPASM 5.86                      ASSEMBLY.ASM   6-16-2026  19:32:24         PAGE  1


LOC  OBJECT CODE     LINE SOURCE TEXT
  VALUE

Warning[205]: Found directive in column 1. (LIST)
Warning[215]: Processor superseded by command line.  Verify processor symbol.
                      00001 LIST P=PIC18F4321       F=INHX32     
                      00002     #include <p18f4321.inc> 
                      00001         LIST
                      00002 
                      00003 ;==========================================================================
                      00004 ; Build date : Oct 24 2019
                      00005 ;  MPASM PIC18F4321 processor include
                      00006 ; 
                      00007 ;  (c) Copyright 1999-2019 Microchip Technology, All rights reserved
                      00008 ;==========================================================================
                      00009 
                      01455         LIST
                      00003     CONFIG  OSC=INTIO2; Internal oscillator @ 16MHz 
                      00004     CONFIG  PBADEN=DIG ; PORTB = DIGital 
                      00005     CONFIG  WDT=OFF    ; Watch Dog Timer Deactivated 
                      00006     CONFIG MCLRE = OFF ; Makes RA3 usable
                      00007    
                      00008     ORG 0x0000 
000000 EF?? F???      00009     GOTO    MAIN 
                      00010     ORG     0x0008  
000008 0011           00011     RETFIE  FAST  
                      00012     ORG     0x0018  
000018 0011           00013     RETFIE  FAST 
                      00014     
                      00015  
                      00016 ; ######################### Vars #########################
  00000020            00017 MENU_ID         EQU 0x20        ;Menu[2..0]
  00000021            00018 DEBOUNCE_TIMER  EQU 0x21        ;count for debouning timer
  00000022            00019 DEBOUNCE_INNER  EQU 0x22        ;used as a max counter every loop
                      00020         
                      00021         ;LED MATRIX
                      00022 
  00000023            00023 BYTE_BUFF       EQU 0x23        ;frame byte
  00000024            00024 BIT_COUNT       EQU 0x24        ;8 - 0
  00000024            00025 LED_COUNT       EQU 0x24        ;64 - 0
  00000025            00026 FRAME_PTR_L     EQU 0x25        ;RAM pointers
  00000026            00027 FRAME_PTR_H     EQU 0x26
  00000027            00028 RESET_COUNT     EQU 0x27        ;For counting reset time
                      00029         
  00000060            00030 FRAME_BUFF      EQU 0x060       ;will hold a frame in ram 
                      00031         
                      00032 ;######################### BASE_CODE #########################
                      00033 
00001A                00034 INIT_OSC   ; Configure the microcontroller @ 32MHz w/ internal oscillator 
                      00035    
00001A 0E70           00036     MOVLW   b'01110000'         ;8MHz fosc
00001C 6ED3           00037     MOVWF   OSCCON,0  
                      00038     
                      00039         
00001E 0E40           00040     MOVLW   b'01000000'
000020 6E9B           00041     MOVWF   OSCTUNE,0
MPASM 5.86                      ASSEMBLY.ASM   6-16-2026  19:32:24         PAGE  2


LOC  OBJECT CODE     LINE SOURCE TEXT
  VALUE

                      00042     
000022 0012           00043     RETURN 
                      00044    
                      00045     
                      00046 ; Debounce 20ms @ 32MHz
                      00047 ; 1 cycle = 4/32Mhz = 125ns
                      00048 ; 20ms : 20000us/ 0.125us = 160000 cycles
000024                00049 WAIT_DEBOUNCE                   ;2c when called
000024 0ED0           00050     MOVLW   0xD0                ;1c   XX = 208
000026 6E21           00051     MOVWF   DEBOUNCE_TIMER,0    ;1c
000028                00052 DB_LOOP                             ; XX*(764 + 5) + 4 = 160000
000028 0EFF           00053     MOVLW   0xFF                ;1c
00002A 6E22           00054     MOVWF   DEBOUNCE_INNER,0    ;1c
00002C                00055 DB_WAIT                             ;3c*254 + 2 = 764
00002C 2E22           00056     DECFSZ  DEBOUNCE_INNER,1,0  ;1c, 2c if skip
00002E EF?? F???      00057     GOTO    DB_WAIT             ;2c
                      00058     
000032 2E21           00059     DECFSZ  DEBOUNCE_TIMER,1,0  ;1c, 2c if skip
000034 EF?? F???      00060     GOTO DB_LOOP                ;2c
                      00061     
                      00062     
000038 0012           00063     RETURN                      ;2c
                      00064     
                      00065     
                      00066 ; ######################### RGB_MENU #########################
                      00067      
00003A                00068 INIT_RGB
00003A 68C1           00069    SETF     ADCON1,0   ; Make all pins digital
                      00070    
00003C 6A95           00071    CLRF     TRISD,0     ;PORTD output
00003E 6A8C           00072    CLRF     LATD,0      ;CLEAR D
                      00073    
000040 6893           00074    SETF     TRISB,0     ;PORTB intro
000042 9EF1           00075    BCF     INTCON2, RBPU,0   ; enable PORTB pull-ups
                      00076    
000044 6A20           00077    CLRF MENU_ID, 0
                      00078    
000046 0012           00079    RETURN 
                      00080    
                      00081  
000048                00082 MENU_BUTTON_CHECK
000048 A081           00083    BTFSS PORTB, 0, 0    ;skip if set (buttons 0 when pressed)
00004A EC?? F???      00084    CALL MENU_LEFT
00004E A281           00085    BTFSS PORTB, 1, 0
000050 EC?? F???      00086    CALL MENU_RIGHT
000054 A481           00087    BTFSS PORTB, 2, 0
000056 0000           00088    NOP
                      00089 
000058 0012           00090    RETURN
                      00091    
                      00092    
00005A                00093 MENU_LEFT
00005A EC?? F???      00094    CALL WAIT_DEBOUNCE
MPASM 5.86                      ASSEMBLY.ASM   6-16-2026  19:32:24         PAGE  3


LOC  OBJECT CODE     LINE SOURCE TEXT
  VALUE

00005E 5020           00095    MOVF     MENU_ID,W,0
000060 A4D8           00096    BTFSS    STATUS, Z ,0
000062 EF?? F???      00097    GOTO DECREMENT
000066 0E02           00098    MOVLW    0x02
000068 6E20           00099    MOVWF    MENU_ID, 0
00006A EF?? F???      00100    GOTO     SKIP_DECREMENT
00006E                00101 DECREMENT
00006E 0620           00102    DECF MENU_ID,1,0
000070                00103 SKIP_DECREMENT
000070 EC?? F???      00104    CALL UPDATE_RGB
000074                00105 LOOP_L
000074 A081           00106    BTFSS    PORTB,0,0   
000076 EF?? F???      00107    GOTO LOOP_L
00007A EC?? F???      00108    CALL WAIT_DEBOUNCE
00007E 0012           00109    RETURN
                      00110   
                      00111    
000080                00112 MENU_RIGHT 
000080 EC?? F???      00113    CALL WAIT_DEBOUNCE
000084 0E02           00114    MOVLW    0x02
000086 5C20           00115    SUBWF    MENU_ID,W,0
000088 B4D8           00116    BTFSC    STATUS,Z,0  ;skip if clear (menu=2, answer = 0)
00008A EF?? F???      00117    GOTO     WRAP_RIGHT
00008E 2A20           00118    INCF     MENU_ID,1,0
000090 EF?? F???      00119    GOTO RSKIP_RESET 
000094                00120 WRAP_RIGHT
000094 6A20           00121    CLRF MENU_ID, 0
000096                00122 RSKIP_RESET
000096 EC?? F???      00123    CALL UPDATE_RGB
00009A                00124 LOOP_R
00009A A281           00125    BTFSS    PORTB,1,0
00009C EF?? F???      00126    GOTO LOOP_R
0000A0 EC?? F???      00127    CALL WAIT_DEBOUNCE
0000A4 0012           00128    RETURN
                      00129  
                      00130    
0000A6                00131 UPDATE_RGB
                      00132    
0000A6 0E01           00133    MOVLW    0x01
0000A8 5C20           00134    SUBWF    MENU_ID,W,0     ;0 is negative, 1 is 0, 2 is neither
0000AA A0D8           00135    BTFSS    STATUS,C,0      ;skip if set (carry)
0000AC EF?? F???      00136    GOTO RGB_0
0000B0 B4D8           00137    BTFSC    STATUS,Z,0      ;skip if clear (negative)
0000B2 EF?? F???      00138    GOTO RGB_1
0000B6 EF?? F???      00139    GOTO RGB_2
0000BA                00140 RGB_2
0000BA 888C           00141    BSF  LATD,4,0
0000BC 8A8C           00142    BSF  LATD,5,0
0000BE 9C8C           00143    BCF  LATD,6,0
0000C0 0012           00144    RETURN
0000C2                00145 RGB_1
0000C2 888C           00146    BSF  LATD,4,0
0000C4 9A8C           00147    BCF  LATD,5,0
MPASM 5.86                      ASSEMBLY.ASM   6-16-2026  19:32:24         PAGE  4


LOC  OBJECT CODE     LINE SOURCE TEXT
  VALUE

0000C6 8C8C           00148    BSF  LATD,6,0
0000C8 0012           00149    RETURN
0000CA                00150 RGB_0
0000CA 888C           00151    BSF  LATD,4,0
0000CC 8A8C           00152    BSF  LATD,5,0
0000CE 8C8C           00153    BSF  LATD,6,0
0000D0 0012           00154    RETURN
                      00155    
                      00156 ; ######################### LED_MATRIX #########################
                      00157 
0000D2                00158 INIT_LM
                      00159    ;BCF TRISD,1,0       ;already done in init_rgb
0000D2 908C           00160    BCF  LATD,0,0
                      00161    
                      00162    ; Point TBLPTR at IMAGE0 in flash
0000D4 0E??           00163    MOVLW   UPPER(IMAGE_0)
0000D6 6EF8           00164    MOVWF   TBLPTRU, 0
0000D8 0E??           00165    MOVLW   HIGH(IMAGE_0)
0000DA 6EF7           00166    MOVWF   TBLPTRH, 0
0000DC 0E??           00167    MOVLW   LOW(IMAGE_0)
0000DE 6EF6           00168    MOVWF   TBLPTRL, 0
                      00169    
0000E0 EC?? F???      00170    CALL    LOAD_IMAGE_TO_RAM
                      00171    
0000E4 0012           00172    RETURN
                      00173    
0000E6                00174 LOAD_IMAGE_TO_RAM
0000E6 0E00           00175    MOVLW   HIGH(FRAME_BUFF)
0000E8 6EEA           00176    MOVWF   FSR0H, 0
0000EA 0E60           00177    MOVLW   LOW(FRAME_BUFF)
0000EC 6EE9           00178    MOVWF   FSR0L, 0
                      00179    
                      00180    ;64 pixels * 3 bytes
0000EE 0EC0           00181    MOVLW   .192
0000F0 6E24           00182    MOVWF   LED_COUNT, 0 
0000F2                00183 LOAD_LOOP
0000F2 0009           00184    TBLRD*+                  ;read and increment
0000F4 CFF5 FFEE      00185    MOVFF   TABLAT, POSTINC0
0000F8 2E24           00186    DECFSZ  LED_COUNT, 1, 0      ;decrement, skip if zero
0000FA EF?? F???      00187    GOTO    LOAD_LOOP
                      00188    
0000FE 0012           00189    RETURN
                      00190    
                      00191 ;SEND FRAME FUNC ----------------------------
000100                00192 SEND_FRAME_FROM_RAM
000100 0E00           00193    MOVLW    HIGH(FRAME_BUFF)
000102 6EEA           00194    MOVWF    FSR0H, 0
000104 0E60           00195    MOVLW    LOW(FRAME_BUFF)
000106 6EE9           00196    MOVWF    FSR0L, 0
                      00197    
000108 0EC0           00198    MOVLW    .192
00010A 6E24           00199    MOVWF    LED_COUNT, 0 
00010C                00200 SEND_LOOP
MPASM 5.86                      ASSEMBLY.ASM   6-16-2026  19:32:24         PAGE  5


LOC  OBJECT CODE     LINE SOURCE TEXT
  VALUE

00010C CFEE F023      00201    MOVFF    POSTINC0, BYTE_BUFF
000110 EC?? F???      00202    CALL     SEND_BYTE
000114 2E24           00203    DECFSZ   LED_COUNT, 1, 0
000116 EF?? F???      00204    GOTO     SEND_LOOP
                      00205    
00011A EC?? F???      00206    CALL     SEND_RESET
00011E 0012           00207    RETURN
                      00208    
                      00209 ;BIT FUNC -----------------------------   
000120                00210 SEND_BIT
000120 808C           00211    BSF     LATD, 0, 0       ;begin high  1
000122 AE23           00212    BTFSS   BYTE_BUFF, 7, 0 ;check MSB   1
000124 EF?? F???      00213    GOTO SEND_ZERO                       ;1
                      00214    
                      00215    ;1c = 125
                      00216    ;total = 650-1850ns
                      00217    ;bit = 1, high 800ns = 6.4, low 450ns = 3.6
                      00218    ; 6 + 4 = 10
                      00219    ;so far 3
000128 0000           00220    NOP
00012A 0000           00221    NOP
00012C 0000           00222    NOP
00012E 0000           00223    NOP
000130 908C           00224    BCF     LATD,0,0
000132 0000           00225    NOP
000134 0000           00226    NOP
000136 EF?? F???      00227    GOTO SEND_DONE
                      00228    
00013A                00229 SEND_ZERO
                      00230    ;bit = 0, high 400ns = 3.2, low 850ns = 6.8
                      00231    ; 3 + 7 = 10
                      00232    ;so far 2 (goto)
00013A 0000           00233    NOP
00013C 908C           00234    BCF      LATD,0,0
00013E 0000           00235    NOP
000140 0000           00236    NOP
000142 0000           00237    NOP
000144 0000           00238    NOP
000146 0000           00239    NOP
000148 EF?? F???      00240    GOTO SEND_DONE
                      00241    
00014C                00242 SEND_DONE
00014C 4623           00243    RLNCF    BYTE_BUFF,1,0   ;rotate bit left (nc = no carry)
00014E 0012           00244    RETURN
                      00245    
                      00246    
                      00247 ;BYTE FUNC -----------------------------   
000150                00248 SEND_BYTE
000150 0E08           00249    MOVLW    0x08
000152 6E24           00250    MOVWF    BIT_COUNT, 0
000154                00251 BYTE_LOOP
000154 EC?? F???      00252    CALL     SEND_BIT
000158 2E24           00253    DECFSZ   BIT_COUNT, 1, 0
MPASM 5.86                      ASSEMBLY.ASM   6-16-2026  19:32:24         PAGE  6


LOC  OBJECT CODE     LINE SOURCE TEXT
  VALUE

00015A EF?? F???      00254    GOTO     BYTE_LOOP
00015E 0012           00255    RETURN
                      00256    
                      00257 ;RESET FUNC ----------------------------
000160                00258 SEND_RESET
000160 908C           00259     BCF     LATD,0,0
000162 0EC8           00260     MOVLW   .200
000164 6E27           00261     MOVWF   RESET_COUNT, 0
000166                00262 RESET_LOOP      ;TODO check timing here and fix the rest of ts
000166 0000           00263     NOP
000168 0000           00264     NOP
00016A 0000           00265     NOP
00016C 2E27           00266     DECFSZ  RESET_COUNT,1,0
00016E EF?? F???      00267     GOTO RESET_LOOP
000172 0012           00268     RETURN
                      00269     
                      00270 
                      00271   
                      00272 ; ######################### MAIN #########################
                      00273    
000174                00274 MAIN
000174 EC?? F???      00275     CALL INIT_OSC
000178 EC?? F???      00276     CALL INIT_RGB
00017C EC?? F???      00277     CALL UPDATE_RGB
                      00278     ;CALL INIT_LM
000180                00279 LOOP
                      00280     ;auto stuff
                      00281     
                      00282     ;LED routine
                      00283     ;BCF            INTCON, GIE, 0  ;disable interrupt during transmission
                      00284     ;CALL    SEND_FRAME_FROM_RAM
                      00285     ;BSF            INTCON, GIE, 0
                      00286     
                      00287     ;check for action
000180 EC?? F???      00288     CALL MENU_BUTTON_CHECK
                      00289     
000184 EF?? F???      00290     GOTO LOOP
                      00291     
                      00292     
                      00293 ;TABLES    
                      00294     
                      00295     ORG 0x0200  ;hardcoded adress for flash
000200                00296 IMAGE_0
000200 4040 4040 4040 00297     DB  0x40,0x40,0x40,  0x40,0x40,0x40,  0x40,0x40,0x40,  0x40,0x40,0x40,  0x40,0x40,0x40
       4040 4040 4040 
       4040 0040 
000210 4040 0040 0000 00298     DB  0x40,0x40,0x40,  0x00,0x00,0x00,  0x00,0x00,0x00,  0x00,0x00,0x00,  0x40,0x40,0x40
       0000 0000 0000 
       4040 0040 
000220 4040 0040 0000 00299     DB  0x40,0x40,0x40,  0x00,0x00,0x00,  0x00,0x00,0x00,  0x00,0x00,0x00,  0x40,0x40,0x40
       0000 0000 0000 
       4040 0040 
000230 4040 0040 0000 00300     DB  0x40,0x40,0x40,  0x00,0x00,0x00,  0x00,0x00,0x00,  0x00,0x00,0x00,  0x40,0x40,0x40
MPASM 5.86                      ASSEMBLY.ASM   6-16-2026  19:32:24         PAGE  7


LOC  OBJECT CODE     LINE SOURCE TEXT
  VALUE

       0000 0000 0000 
       4040 0040 
000240 4040 4040 4040 00301     DB  0x40,0x40,0x40,  0x40,0x40,0x40,  0x40,0x40,0x40,  0x40,0x40,0x40,  0x40,0x40,0x40
       4040 4040 4040 
       4040 0040 
000250                00302 IMAGE_0_END
                      00303       
                      00304     
                      00305     
                      00306     END
MPASM 5.86                      ASSEMBLY.ASM   6-16-2026  19:32:24         PAGE  8


SYMBOL TABLE
  LABEL                             VALUE 

A                                 00000000
ABDEN                             00000000
ABDOVF                            00000007
ACCESS                            00000000
ACKDT                             00000005
ACKEN                             00000004
ACKSTAT                           00000006
ACQT0                             00000003
ACQT1                             00000004
ACQT2                             00000005
ADCON0                            00000FC2
ADCON1                            00000FC1
ADCON2                            00000FC0
ADCS0                             00000000
ADCS1                             00000001
ADCS2                             00000002
ADDEN                             00000003
ADEN                              00000003
ADFM                              00000007
ADIE                              00000006
ADIF                              00000006
ADIP                              00000006
ADMSK1                            00000001
ADMSK2                            00000002
ADMSK3                            00000003
ADMSK4                            00000004
ADMSK5                            00000005
ADON                              00000000
ADRES                             00000FC3
ADRESH                            00000FC4
ADRESL                            00000FC3
AN0                               00000000
AN1                               00000001
AN10                              00000001
AN11                              00000004
AN12                              00000000
AN2                               00000002
AN3                               00000003
AN4                               00000005
AN5                               00000000
AN6                               00000001
AN7                               00000002
AN8                               00000002
AN9                               00000003
BANKED                            00000001
BAUDCON                           00000FB8
BAUDCTL                           00000FB8
BCLIE                             00000003
BCLIF                             00000003
BCLIP                             00000003
BF                                00000000
BGST                              00000005
BIT_COUNT                         00000024
MPASM 5.86                      ASSEMBLY.ASM   6-16-2026  19:32:24         PAGE  9


SYMBOL TABLE
  LABEL                             VALUE 

BOR                               00000000
BRG16                             00000003
BRGH                              00000002
BSR                               00000FE0
BYTE_BUFF                         00000023
BYTE_LOOP                         00000154
C                                 00000000
C1INV                             00000004
C1N                               00000000
C1OUT_CMCON                       00000006
C1OUT_PORTA                       00000004
C1P                               00000003
C2INV                             00000005
C2N                               00000001
C2OUT_CMCON                       00000007
C2OUT_PORTA                       00000005
C2P                               00000002
CCP1                              00000002
CCP1CON                           00000FBD
CCP1IE                            00000002
CCP1IF                            00000002
CCP1IP                            00000002
CCP1M0                            00000000
CCP1M1                            00000001
CCP1M2                            00000002
CCP1M3                            00000003
CCP1X                             00000005
CCP1Y                             00000004
CCP2CON                           00000FBA
CCP2IE                            00000000
CCP2IF                            00000000
CCP2IP                            00000000
CCP2M0                            00000000
CCP2M1                            00000001
CCP2M2                            00000002
CCP2M3                            00000003
CCP2X                             00000005
CCP2Y                             00000004
CCP2_PORTB                        00000003
CCP2_PORTC                        00000001
CCPR1                             00000FBE
CCPR1H                            00000FBF
CCPR1L                            00000FBE
CCPR2                             00000FBB
CCPR2H                            00000FBC
CCPR2L                            00000FBB
CFGS                              00000006
CHS0                              00000002
CHS1                              00000003
CHS2                              00000004
CHS3                              00000005
CIS                               00000003
CK                                00000006
MPASM 5.86                      ASSEMBLY.ASM   6-16-2026  19:32:24         PAGE 10


SYMBOL TABLE
  LABEL                             VALUE 

CKE                               00000006
CKP                               00000004
CLKI                              00000007
CLKO                              00000006
CM0                               00000000
CM1                               00000001
CM2                               00000002
CMCON                             00000FB4
CMIE                              00000006
CMIF                              00000006
CMIP                              00000006
CREN                              00000004
CS                                00000002
CSRC                              00000007
CVR0                              00000000
CVR1                              00000001
CVR2                              00000002
CVR3                              00000003
CVRCON                            00000FB5
CVREF                             00000002
CVREN                             00000007
CVROE                             00000006
CVRR                              00000005
CVRSS                             00000004
D                                 00000005
DB_LOOP                           00000028
DB_WAIT                           0000002C
DC                                00000001
DC1B0                             00000004
DC1B1                             00000005
DC2B0                             00000004
DC2B1                             00000005
DDRA                              TRISA
DDRB                              TRISB
DDRC                              TRISC
DDRD                              TRISD
DDRE                              TRISE
DEBOUNCE_INNER                    00000022
DEBOUNCE_TIMER                    00000021
DECREMENT                         0000006E
DONE                              00000001
D_A                               00000005
D_NOT_A                           00000005
ECCP1AS                           00000FB6
ECCP1CON                          00000FBD
ECCP1DEL                          00000FB7
ECCPAS0                           00000004
ECCPAS1                           00000005
ECCPAS2                           00000006
ECCPASE                           00000007
EEADR                             00000FA9
EECON1                            00000FA6
EECON2                            00000FA7
MPASM 5.86                      ASSEMBLY.ASM   6-16-2026  19:32:24         PAGE 11


SYMBOL TABLE
  LABEL                             VALUE 

EEDATA                            00000FA8
EEIE                              00000004
EEIF                              00000004
EEIP                              00000004
EEPGD                             00000007
FAST                              00000001
FERR                              00000002
FLT0                              00000000
FLTS                              00000002
FRAME_BUFF                        00000060
FRAME_PTR_H                       00000026
FRAME_PTR_L                       00000025
FREE                              00000004
FSR0                              00000000
FSR0H                             00000FEA
FSR0L                             00000FE9
FSR1                              00000001
FSR1H                             00000FE2
FSR1L                             00000FE1
FSR2                              00000002
FSR2H                             00000FDA
FSR2L                             00000FD9
GCEN                              00000007
GIE                               00000007
GIEH                              00000007
GIEL                              00000006
GIE_GIEH                          00000007
GO                                00000001
GO_DONE                           00000001
GO_NOT_DONE                       00000001
HLVDCON                           00000FD2
HLVDEN                            00000004
HLVDIE                            00000002
HLVDIF                            00000002
HLVDIN                            00000005
HLVDIP                            00000002
HLVDL0                            00000000
HLVDL1                            00000001
HLVDL2                            00000002
HLVDL3                            00000003
IBF                               00000007
IBOV                              00000005
IDLEN                             00000007
IMAGE_0                           00000200
IMAGE_0_END                       00000250
INDF0                             00000FEF
INDF1                             00000FE7
INDF2                             00000FDF
INIT_LM                           000000D2
INIT_OSC                          0000001A
INIT_RGB                          0000003A
INT0                              00000000
INT0E                             00000004
MPASM 5.86                      ASSEMBLY.ASM   6-16-2026  19:32:24         PAGE 12


SYMBOL TABLE
  LABEL                             VALUE 

INT0F                             00000001
INT0IE                            00000004
INT0IF                            00000001
INT1                              00000001
INT1E                             00000003
INT1F                             00000000
INT1IE                            00000003
INT1IF                            00000000
INT1IP                            00000006
INT1P                             00000006
INT2                              00000002
INT2E                             00000004
INT2F                             00000001
INT2IE                            00000004
INT2IF                            00000001
INT2IP                            00000007
INT2P                             00000007
INTCON                            00000FF2
INTCON2                           00000FF1
INTCON3                           00000FF0
INTEDG0                           00000006
INTEDG1                           00000005
INTEDG2                           00000004
INTSRC                            00000007
IOFS                              00000002
IPEN                              00000007
IPR1                              00000F9F
IPR2                              00000FA2
IRCF0                             00000004
IRCF1                             00000005
IRCF2                             00000006
IRVST                             00000005
KBI0                              00000004
KBI1                              00000005
KBI2                              00000006
KBI3                              00000007
LATA                              00000F89
LATA0                             00000000
LATA1                             00000001
LATA2                             00000002
LATA3                             00000003
LATA4                             00000004
LATA5                             00000005
LATA6                             00000006
LATA7                             00000007
LATB                              00000F8A
LATB0                             00000000
LATB1                             00000001
LATB2                             00000002
LATB3                             00000003
LATB4                             00000004
LATB5                             00000005
LATB6                             00000006
MPASM 5.86                      ASSEMBLY.ASM   6-16-2026  19:32:24         PAGE 13


SYMBOL TABLE
  LABEL                             VALUE 

LATB7                             00000007
LATC                              00000F8B
LATC0                             00000000
LATC1                             00000001
LATC2                             00000002
LATC3                             00000003
LATC4                             00000004
LATC5                             00000005
LATC6                             00000006
LATC7                             00000007
LATD                              00000F8C
LATD0                             00000000
LATD1                             00000001
LATD2                             00000002
LATD3                             00000003
LATD4                             00000004
LATD5                             00000005
LATD6                             00000006
LATD7                             00000007
LATE                              00000F8D
LATE0                             00000000
LATE1                             00000001
LATE2                             00000002
LED_COUNT                         00000024
LOAD_IMAGE_TO_RAM                 000000E6
LOAD_LOOP                         000000F2
LOOP                              00000180
LOOP_L                            00000074
LOOP_R                            0000009A
LVDCON                            00000FD2
LVDEN                             00000004
LVDIE                             00000002
LVDIF                             00000002
LVDIP                             00000002
LVDL0                             00000000
LVDL1                             00000001
LVDL2                             00000002
LVDL3                             00000003
LVV0                              00000000
LVV1                              00000001
LVV2                              00000002
LVV3                              00000003
MAIN                              00000174
MCLR                              00000003
MENU_BUTTON_CHECK                 00000048
MENU_ID                           00000020
MENU_LEFT                         0000005A
MENU_RIGHT                        00000080
N                                 00000004
NOT_A                             00000005
NOT_ADDRESS                       00000005
NOT_BOR                           00000000
NOT_CS                            00000002
MPASM 5.86                      ASSEMBLY.ASM   6-16-2026  19:32:24         PAGE 14


SYMBOL TABLE
  LABEL                             VALUE 

NOT_DONE                          00000001
NOT_MCLR                          00000003
NOT_PD                            00000002
NOT_POR                           00000001
NOT_RBPU                          00000007
NOT_RD                            00000000
NOT_RI                            00000004
NOT_SS                            00000005
NOT_T1SYNC                        00000002
NOT_T3SYNC                        00000002
NOT_TO                            00000003
NOT_W                             00000002
NOT_WR                            00000001
NOT_WRITE                         00000002
OBF                               00000006
OERR                              00000001
OSC1                              00000007
OSC2                              00000006
OSCCON                            00000FD3
OSCFIE                            00000007
OSCFIF                            00000007
OSCFIP                            00000007
OSCTUNE                           00000F9B
OSTS                              00000003
OV                                00000003
P                                 00000004
P1A                               00000002
P1B                               00000005
P1C                               00000006
P1D                               00000007
P1M0                              00000006
P1M1                              00000007
PC                                00000FF9
PCFG0                             00000000
PCFG1                             00000001
PCFG2                             00000002
PCFG3                             00000003
PCL                               00000FF9
PCLATH                            00000FFA
PCLATU                            00000FFB
PD                                00000002
PDC0                              00000000
PDC1                              00000001
PDC2                              00000002
PDC3                              00000003
PDC4                              00000004
PDC5                              00000005
PDC6                              00000006
PEIE                              00000006
PEIE_GIEL                         00000006
PEN                               00000002
PGC                               00000006
PGD                               00000007
MPASM 5.86                      ASSEMBLY.ASM   6-16-2026  19:32:24         PAGE 15


SYMBOL TABLE
  LABEL                             VALUE 

PGM                               00000005
PIE1                              00000F9D
PIE2                              00000FA0
PIR1                              00000F9E
PIR2                              00000FA1
PLLEN                             00000006
PLUSW0                            00000FEB
PLUSW1                            00000FE3
PLUSW2                            00000FDB
POR                               00000001
PORTA                             00000F80
PORTB                             00000F81
PORTC                             00000F82
PORTD                             00000F83
PORTE                             00000F84
POSTDEC0                          00000FED
POSTDEC1                          00000FE5
POSTDEC2                          00000FDD
POSTINC0                          00000FEE
POSTINC1                          00000FE6
POSTINC2                          00000FDE
PR2                               00000FCB
PREINC0                           00000FEC
PREINC1                           00000FE4
PREINC2                           00000FDC
PROD                              00000FF3
PRODH                             00000FF4
PRODL                             00000FF3
PRSEN                             00000007
PSA                               00000003
PSP0                              00000000
PSP1                              00000001
PSP2                              00000002
PSP3                              00000003
PSP4                              00000004
PSP5                              00000005
PSP6                              00000006
PSP7                              00000007
PSPIE                             00000007
PSPIF                             00000007
PSPIP                             00000007
PSPMODE                           00000004
PSSAC0                            00000002
PSSAC1                            00000003
PSSBD0                            00000000
PSSBD1                            00000001
PWM1CON                           00000FB7
R                                 00000002
RA0                               00000000
RA1                               00000001
RA2                               00000002
RA3                               00000003
RA4                               00000004
MPASM 5.86                      ASSEMBLY.ASM   6-16-2026  19:32:24         PAGE 16


SYMBOL TABLE
  LABEL                             VALUE 

RA5                               00000005
RA6                               00000006
RA7                               00000007
RB0                               00000000
RB1                               00000001
RB2                               00000002
RB3                               00000003
RB4                               00000004
RB5                               00000005
RB6                               00000006
RB7                               00000007
RBIE                              00000003
RBIF                              00000000
RBIP                              00000000
RBPU                              00000007
RC0                               00000000
RC1                               00000001
RC2                               00000002
RC3                               00000003
RC4                               00000004
RC5                               00000005
RC6                               00000006
RC7                               00000007
RCEN                              00000003
RCIDL                             00000006
RCIE                              00000005
RCIF                              00000005
RCIP                              00000005
RCMT                              00000006
RCON                              00000FD0
RCREG                             00000FAE
RCSTA                             00000FAB
RD                                00000000
RD0                               00000000
RD1                               00000001
RD16                              00000007
RD2                               00000002
RD3                               00000003
RD4                               00000004
RD5                               00000005
RD6                               00000006
RD7                               00000007
RE0                               00000000
RE1                               00000001
RE2                               00000002
RE3                               00000003
RESET_COUNT                       00000027
RESET_LOOP                        00000166
RGB_0                             000000CA
RGB_1                             000000C2
RGB_2                             000000BA
RI                                00000004
RSEN                              00000001
MPASM 5.86                      ASSEMBLY.ASM   6-16-2026  19:32:24         PAGE 17


SYMBOL TABLE
  LABEL                             VALUE 

RSKIP_RESET                       00000096
RX                                00000007
RX9                               00000006
RX9D                              00000000
RXDTP                             00000005
R_NOT_W                           00000002
R_W                               00000002
S                                 00000003
SBOREN                            00000006
SCK                               00000003
SCKP                              00000004
SCL                               00000003
SCS0                              00000000
SCS1                              00000001
SDA                               00000004
SDI                               00000004
SDO                               00000005
SEN                               00000000
SENDB                             00000003
SEND_BIT                          00000120
SEND_BYTE                         00000150
SEND_DONE                         0000014C
SEND_FRAME_FROM_RAM               00000100
SEND_LOOP                         0000010C
SEND_RESET                        00000160
SEND_ZERO                         0000013A
SKIP_DECREMENT                    00000070
SMP                               00000007
SP0                               00000000
SP1                               00000001
SP2                               00000002
SP3                               00000003
SP4                               00000004
SPBRG                             00000FAF
SPBRGH                            00000FB0
SPEN                              00000007
SREN                              00000005
SSPADD                            00000FC8
SSPBUF                            00000FC9
SSPCON1                           00000FC6
SSPCON2                           00000FC5
SSPEN                             00000005
SSPIE                             00000003
SSPIF                             00000003
SSPIP                             00000003
SSPM0                             00000000
SSPM1                             00000001
SSPM2                             00000002
SSPM3                             00000003
SSPOV                             00000006
SSPSTAT                           00000FC7
STATUS                            00000FD8
STKFUL                            00000007
MPASM 5.86                      ASSEMBLY.ASM   6-16-2026  19:32:24         PAGE 18


SYMBOL TABLE
  LABEL                             VALUE 

STKOVF                            00000007
STKPTR                            00000FFC
STKUNF                            00000006
SWDTE                             00000000
SWDTEN                            00000000
SYNC                              00000004
T016BIT                           00000006
T08BIT                            00000006
T0CKI                             00000004
T0CON                             00000FD5
T0CS                              00000005
T0IE                              00000005
T0IF                              00000002
T0PS0                             00000000
T0PS1                             00000001
T0PS2                             00000002
T0SE                              00000004
T13CKI                            00000000
T1CKI                             00000000
T1CKPS0                           00000004
T1CKPS1                           00000005
T1CON                             00000FCD
T1OSCEN                           00000003
T1OSI                             00000001
T1OSO                             00000000
T1RUN                             00000006
T1SYNC                            00000002
T2CKPS0                           00000000
T2CKPS1                           00000001
T2CON                             00000FCA
T2OUTPS0                          00000003
T2OUTPS1                          00000004
T2OUTPS2                          00000005
T2OUTPS3                          00000006
T3CCP1                            00000003
T3CCP2                            00000006
T3CKPS0                           00000004
T3CKPS1                           00000005
T3CON                             00000FB1
T3SYNC                            00000002
TABLAT                            00000FF5
TBLPTR                            00000FF6
TBLPTRH                           00000FF7
TBLPTRL                           00000FF6
TBLPTRU                           00000FF8
TMR0                              00000FD6
TMR0H                             00000FD7
TMR0IE                            00000005
TMR0IF                            00000002
TMR0IP                            00000002
TMR0L                             00000FD6
TMR0ON                            00000007
TMR1                              00000FCE
MPASM 5.86                      ASSEMBLY.ASM   6-16-2026  19:32:24         PAGE 19


SYMBOL TABLE
  LABEL                             VALUE 

TMR1CS                            00000001
TMR1H                             00000FCF
TMR1IE                            00000000
TMR1IF                            00000000
TMR1IP                            00000000
TMR1L                             00000FCE
TMR1ON                            00000000
TMR2                              00000FCC
TMR2IE                            00000001
TMR2IF                            00000001
TMR2IP                            00000001
TMR2ON                            00000002
TMR3                              00000FB2
TMR3CS                            00000001
TMR3H                             00000FB3
TMR3IE                            00000001
TMR3IF                            00000001
TMR3IP                            00000001
TMR3L                             00000FB2
TMR3ON                            00000000
TO                                00000003
TOS                               00000FFD
TOSH                              00000FFE
TOSL                              00000FFD
TOSU                              00000FFF
TOUTPS0                           00000003
TOUTPS1                           00000004
TOUTPS2                           00000005
TOUTPS3                           00000006
TRISA                             00000F92
TRISA0                            00000000
TRISA1                            00000001
TRISA2                            00000002
TRISA3                            00000003
TRISA4                            00000004
TRISA5                            00000005
TRISA6                            00000006
TRISA7                            00000007
TRISB                             00000F93
TRISB0                            00000000
TRISB1                            00000001
TRISB2                            00000002
TRISB3                            00000003
TRISB4                            00000004
TRISB5                            00000005
TRISB6                            00000006
TRISB7                            00000007
TRISC                             00000F94
TRISC0                            00000000
TRISC1                            00000001
TRISC2                            00000002
TRISC3                            00000003
TRISC4                            00000004
MPASM 5.86                      ASSEMBLY.ASM   6-16-2026  19:32:24         PAGE 20


SYMBOL TABLE
  LABEL                             VALUE 

TRISC5                            00000005
TRISC6                            00000006
TRISC7                            00000007
TRISD                             00000F95
TRISD0                            00000000
TRISD1                            00000001
TRISD2                            00000002
TRISD3                            00000003
TRISD4                            00000004
TRISD5                            00000005
TRISD6                            00000006
TRISD7                            00000007
TRISE                             00000F96
TRISE0                            00000000
TRISE1                            00000001
TRISE2                            00000002
TRMT                              00000001
TUN0                              00000000
TUN1                              00000001
TUN2                              00000002
TUN3                              00000003
TUN4                              00000004
TX                                00000006
TX9                               00000006
TX9D                              00000000
TXCKP                             00000004
TXEN                              00000005
TXIE                              00000004
TXIF                              00000004
TXIP                              00000004
TXREG                             00000FAD
TXSTA                             00000FAC
UA                                00000001
UPDATE_RGB                        000000A6
VCFG0                             00000004
VCFG1                             00000005
VDIRMAG                           00000007
VPP                               00000003
VREFM                             00000002
VREFP                             00000003
W                                 00000000
WAIT_DEBOUNCE                     00000024
WCOL                              00000007
WDTCON                            00000FD1
WR                                00000001
WRAP_RIGHT                        00000094
WREG                              00000FE8
WREN                              00000002
WRERR                             00000003
WUE                               00000001
Z                                 00000002
_BBSIZ_BB1K_4L                    000000FF
_BBSIZ_BB256_4L                   000000CF
MPASM 5.86                      ASSEMBLY.ASM   6-16-2026  19:32:24         PAGE 21


SYMBOL TABLE
  LABEL                             VALUE 

_BBSIZ_BB512_4L                   000000DF
_BORV_0_2L                        000000E7
_BORV_1_2L                        000000EF
_BORV_2_2L                        000000F7
_BORV_3_2L                        000000FF
_BOR_NOSLP_2L                     000000FD
_BOR_OFF_2L                       000000F9
_BOR_ON_2L                        000000FF
_BOR_SOFT_2L                      000000FB
_CCP2MX_RB3_3H                    000000FE
_CCP2MX_RC1_3H                    000000FF
_CONFIG1H                         00300001
_CONFIG2H                         00300003
_CONFIG2L                         00300002
_CONFIG3H                         00300005
_CONFIG4L                         00300006
_CONFIG5H                         00300009
_CONFIG5L                         00300008
_CONFIG6H                         0030000B
_CONFIG6L                         0030000A
_CONFIG7H                         0030000D
_CONFIG7L                         0030000C
_CP0_OFF_5L                       000000FF
_CP0_ON_5L                        000000FE
_CP1_OFF_5L                       000000FF
_CP1_ON_5L                        000000FD
_CPB_OFF_5H                       000000FF
_CPB_ON_5H                        000000BF
_CPD_OFF_5H                       000000FF
_CPD_ON_5H                        0000007F
_DEBUG_OFF_4L                     000000FF
_DEBUG_ON_4L                      0000007F
_DEVID1                           003FFFFE
_DEVID2                           003FFFFF
_EBTR0_OFF_7L                     000000FF
_EBTR0_ON_7L                      000000FE
_EBTR1_OFF_7L                     000000FF
_EBTR1_ON_7L                      000000FD
_EBTRB_OFF_7H                     000000FF
_EBTRB_ON_7H                      000000BF
_FCMEN_OFF_1H                     000000BF
_FCMEN_ON_1H                      000000FF
_IDLOC0                           00200000
_IDLOC1                           00200001
_IDLOC2                           00200002
_IDLOC3                           00200003
_IDLOC4                           00200004
_IDLOC5                           00200005
_IDLOC6                           00200006
_IDLOC7                           00200007
_IESO_OFF_1H                      0000007F
_IESO_ON_1H                       000000FF
_LPT1OSC_OFF_3H                   000000FB
MPASM 5.86                      ASSEMBLY.ASM   6-16-2026  19:32:24         PAGE 22


SYMBOL TABLE
  LABEL                             VALUE 

_LPT1OSC_ON_3H                    000000FF
_LVP_OFF_4L                       000000FB
_LVP_ON_4L                        000000FF
_MCLRE_OFF_3H                     0000007F
_MCLRE_ON_3H                      000000FF
_OSC_ECIO_1H                      000000F5
_OSC_EC_1H                        000000F4
_OSC_HSPLL_1H                     000000F6
_OSC_HS_1H                        000000F2
_OSC_INTIO1_1H                    000000F9
_OSC_INTIO2_1H                    000000F8
_OSC_LP_1H                        000000F0
_OSC_RCIO_1H                      000000F7
_OSC_RC_1H                        000000F3
_OSC_XT_1H                        000000F1
_PBADEN_ANA_3H                    000000FF
_PBADEN_DIG_3H                    000000FD
_PWRT_OFF_2L                      000000FF
_PWRT_ON_2L                       000000FE
_STVREN_OFF_4L                    000000FE
_STVREN_ON_4L                     000000FF
_WDTPS_1024_2H                    000000F5
_WDTPS_128_2H                     000000EF
_WDTPS_16384_2H                   000000FD
_WDTPS_16_2H                      000000E9
_WDTPS_1_2H                       000000E1
_WDTPS_2048_2H                    000000F7
_WDTPS_256_2H                     000000F1
_WDTPS_2_2H                       000000E3
_WDTPS_32768_2H                   000000FF
_WDTPS_32_2H                      000000EB
_WDTPS_4096_2H                    000000F9
_WDTPS_4_2H                       000000E5
_WDTPS_512_2H                     000000F3
_WDTPS_64_2H                      000000ED
_WDTPS_8192_2H                    000000FB
_WDTPS_8_2H                       000000E7
_WDT_OFF_2H                       000000FE
_WDT_ON_2H                        000000FF
_WRT0_OFF_6L                      000000FF
_WRT0_ON_6L                       000000FE
_WRT1_OFF_6L                      000000FF
_WRT1_ON_6L                       000000FD
_WRTB_OFF_6H                      000000FF
_WRTB_ON_6H                       000000BF
_WRTC_OFF_6H                      000000FF
_WRTC_ON_6H                       000000DF
_WRTD_OFF_6H                      000000FF
_WRTD_ON_6H                       0000007F
_XINST_OFF_4L                     000000BF
_XINST_ON_4L                      000000FF
__18F4321                         00000001

MPASM 5.86                      ASSEMBLY.ASM   6-16-2026  19:32:24         PAGE 23





Errors   :     0
Warnings :     2 reported,     0 suppressed
Messages :     0 reported,     0 suppressed

